2025-08-22 18:42:49,263 INFO o.a.j.u.JMeterUtils: Setting Locale to en_EN
2025-08-22 18:42:49,319 INFO o.a.j.JMeter: Loading user properties from: C:\apache-jmeter-5.6.3\bin\user.properties
2025-08-22 18:42:49,320 INFO o.a.j.JMeter: Loading system properties from: C:\apache-jmeter-5.6.3\bin\system.properties
2025-08-22 18:42:49,336 INFO o.a.j.JMeter: Copyright (c) 1998-2024 The Apache Software Foundation
2025-08-22 18:42:49,336 INFO o.a.j.JMeter: Version 5.6.3
2025-08-22 18:42:49,337 INFO o.a.j.JMeter: java.version=21.0.6
2025-08-22 18:42:49,337 INFO o.a.j.JMeter: java.vm.name=Java HotSpot(TM) 64-Bit Server VM
2025-08-22 18:42:49,337 INFO o.a.j.JMeter: os.name=Windows 11
2025-08-22 18:42:49,337 INFO o.a.j.JMeter: os.arch=amd64
2025-08-22 18:42:49,337 INFO o.a.j.JMeter: os.version=10.0
2025-08-22 18:42:49,337 INFO o.a.j.JMeter: file.encoding=UTF-8
2025-08-22 18:42:49,337 INFO o.a.j.JMeter: java.awt.headless=true
2025-08-22 18:42:49,338 INFO o.a.j.JMeter: Max memory     =1073741824
2025-08-22 18:42:49,338 INFO o.a.j.JMeter: Available Processors =8
2025-08-22 18:42:49,366 INFO o.a.j.JMeter: Default Locale=English (EN)
2025-08-22 18:42:49,367 INFO o.a.j.JMeter: JMeter  Locale=English (EN)
2025-08-22 18:42:49,367 INFO o.a.j.JMeter: JMeterHome=C:\apache-jmeter-5.6.3
2025-08-22 18:42:49,368 INFO o.a.j.JMeter: user.dir  =C:\Users\USER\Desktop\CODE\JAVA\GTP LABS\QA\SwagLabs_Performance
2025-08-22 18:42:49,370 INFO o.a.j.JMeter: PWD       =C:\Users\USER\Desktop\CODE\JAVA\GTP LABS\QA\SwagLabs_Performance
2025-08-22 18:42:49,373 INFO o.a.j.JMeter: IP: 172.29.80.1 Name: JEFFERY-LENOVO FullName: JEFFERY-LENOVO.mshome.net
2025-08-22 18:42:49,419 INFO o.a.j.JMeter: Setting property 'jmeter.reportgenerator.outputdir' to:'C:\Users\USER\Desktop\CODE\JAVA\GTP LABS\QA\SwagLabs_Performance\dashboard'
2025-08-22 18:42:49,426 INFO o.a.j.s.FileServer: Default base='C:\Users\USER\Desktop\CODE\JAVA\GTP LABS\QA\SwagLabs_Performance'
2025-08-22 18:42:49,430 INFO o.a.j.s.FileServer: Set new base='C:\Users\USER\Desktop\CODE\JAVA\GTP LABS\QA\SwagLabs_Performance'
2025-08-22 18:42:49,960 INFO o.a.j.s.SaveService: Testplan (JMX) version: 2.2. Testlog (JTL) version: 2.2
2025-08-22 18:42:50,052 INFO o.a.j.s.SaveService: Using SaveService properties version 5.0
2025-08-22 18:42:50,061 INFO o.a.j.s.SaveService: Using SaveService properties file encoding UTF-8
2025-08-22 18:42:50,072 INFO o.a.j.s.SaveService: Loading file: C:\Users\USER\Desktop\CODE\JAVA\GTP LABS\QA\SwagLabs_Performance\Fake Test Plan.jmx
2025-08-22 18:42:50,249 INFO o.a.j.p.h.s.HTTPSamplerBase: Parser for text/html is org.apache.jmeter.protocol.http.parser.LagartoBasedHtmlParser
2025-08-22 18:42:50,249 INFO o.a.j.p.h.s.HTTPSamplerBase: Parser for application/xhtml+xml is org.apache.jmeter.protocol.http.parser.LagartoBasedHtmlParser
2025-08-22 18:42:50,250 INFO o.a.j.p.h.s.HTTPSamplerBase: Parser for application/xml is org.apache.jmeter.protocol.http.parser.LagartoBasedHtmlParser
2025-08-22 18:42:50,250 INFO o.a.j.p.h.s.HTTPSamplerBase: Parser for text/xml is org.apache.jmeter.protocol.http.parser.LagartoBasedHtmlParser
2025-08-22 18:42:50,250 INFO o.a.j.p.h.s.HTTPSamplerBase: Parser for text/vnd.wap.wml is org.apache.jmeter.protocol.http.parser.RegexpHTMLParser
2025-08-22 18:42:50,250 INFO o.a.j.p.h.s.HTTPSamplerBase: Parser for text/css is org.apache.jmeter.protocol.http.parser.CssParser
2025-08-22 18:42:50,376 INFO o.a.j.JMeter: Creating summariser <summary>
2025-08-22 18:42:50,387 INFO o.a.j.r.d.ReportGenerator: ReportGenerator will use for Parsing the separator: ','
2025-08-22 18:42:50,388 INFO o.a.j.r.d.ReportGenerator: Will generate report at end of test from  results file: results.jtl
2025-08-22 18:42:50,388 INFO o.a.j.r.d.ReportGenerator: Reading report generator properties from: C:\apache-jmeter-5.6.3\bin\reportgenerator.properties
2025-08-22 18:42:50,391 INFO o.a.j.r.d.ReportGenerator: Merging with JMeter properties
2025-08-22 18:42:50,403 INFO o.a.j.r.c.ReportGeneratorConfiguration: Property 'jmeter.reportgenerator.temp_dir' not found, using default value 'temp' instead.
2025-08-22 18:42:50,409 INFO o.a.j.r.c.ReportGeneratorConfiguration: Property 'jmeter.reportgenerator.apdex_per_transaction' not found, using default value 'null' instead.
2025-08-22 18:42:50,409 INFO o.a.j.r.c.ReportGeneratorConfiguration: apdex_per_transaction is empty, not APDEX per transaction customization
2025-08-22 18:42:50,410 INFO o.a.j.r.c.ReportGeneratorConfiguration: Property 'jmeter.reportgenerator.sample_filter' not found, using default value 'null' instead.
2025-08-22 18:42:50,410 INFO o.a.j.r.c.ReportGeneratorConfiguration: Property 'jmeter.reportgenerator.report_title' not found, using default value 'null' instead.
2025-08-22 18:42:50,410 INFO o.a.j.r.c.ReportGeneratorConfiguration: Property 'jmeter.reportgenerator.start_date' not found, using default value 'null' instead.
2025-08-22 18:42:50,410 INFO o.a.j.r.c.ReportGeneratorConfiguration: Property 'jmeter.reportgenerator.end_date' not found, using default value 'null' instead.
2025-08-22 18:42:50,411 INFO o.a.j.r.c.ReportGeneratorConfiguration: Property 'jmeter.reportgenerator.date_format' not found, using default value 'null' instead.
2025-08-22 18:42:50,411 INFO o.a.j.r.c.ReportGeneratorConfiguration: Will use date range start date: null, end date: null
2025-08-22 18:42:50,421 INFO o.a.j.r.c.ReportGeneratorConfiguration: Property 'jmeter.reportgenerator.graph.totalTPS.exclude_controllers' not found, using default value 'false' instead.
2025-08-22 18:42:50,423 INFO o.a.j.r.c.ReportGeneratorConfiguration: Property 'jmeter.reportgenerator.graph.activeThreadsOverTime.exclude_controllers' not found, using default value 'false' instead.
2025-08-22 18:42:50,423 INFO o.a.j.r.c.ReportGeneratorConfiguration: Property 'jmeter.reportgenerator.graph.timeVsThreads.exclude_controllers' not found, using default value 'false' instead.
2025-08-22 18:42:50,424 INFO o.a.j.r.c.ReportGeneratorConfiguration: Property 'jmeter.reportgenerator.graph.responseTimeDistribution.exclude_controllers' not found, using default value 'false' instead.
2025-08-22 18:42:50,424 INFO o.a.j.r.c.ReportGeneratorConfiguration: Property 'jmeter.reportgenerator.graph.transactionsPerSecond.exclude_controllers' not found, using default value 'false' instead.
2025-08-22 18:42:50,425 INFO o.a.j.r.c.ReportGeneratorConfiguration: Property 'jmeter.reportgenerator.graph.responseTimePercentiles.exclude_controllers' not found, using default value 'false' instead.
2025-08-22 18:42:50,425 INFO o.a.j.r.c.ReportGeneratorConfiguration: Property 'jmeter.reportgenerator.graph.responseTimePercentilesOverTime.exclude_controllers' not found, using default value 'false' instead.
2025-08-22 18:42:50,425 INFO o.a.j.r.c.ReportGeneratorConfiguration: Property 'jmeter.reportgenerator.graph.responseTimesOverTime.exclude_controllers' not found, using default value 'false' instead.
2025-08-22 18:42:50,425 INFO o.a.j.r.c.ReportGeneratorConfiguration: Property 'jmeter.reportgenerator.graph.connectTimeOverTime.exclude_controllers' not found, using default value 'false' instead.
2025-08-22 18:42:50,425 INFO o.a.j.r.c.ReportGeneratorConfiguration: Property 'jmeter.reportgenerator.graph.latenciesOverTime.exclude_controllers' not found, using default value 'false' instead.
2025-08-22 18:42:50,427 INFO o.a.j.r.c.ReportGeneratorConfiguration: Property 'jmeter.reportgenerator.exporter.json.filters_only_sample_series' not found, using default value 'true' instead.
2025-08-22 18:42:50,427 INFO o.a.j.r.c.ReportGeneratorConfiguration: Property 'jmeter.reportgenerator.exporter.json.series_filter' not found, using default value '' instead.
2025-08-22 18:42:50,427 INFO o.a.j.r.c.ReportGeneratorConfiguration: Property 'jmeter.reportgenerator.exporter.json.show_controllers_only' not found, using default value 'false' instead.
2025-08-22 18:42:50,429 INFO o.a.j.r.c.ReportGeneratorConfiguration: Property 'jmeter.reportgenerator.exporter.html.filters_only_sample_series' not found, using default value 'true' instead.
2025-08-22 18:42:50,429 INFO o.a.j.r.c.ReportGeneratorConfiguration: Property 'jmeter.reportgenerator.exporter.html.series_filter' not found, using default value '' instead.
2025-08-22 18:42:50,430 INFO o.a.j.r.c.ReportGeneratorConfiguration: Property 'jmeter.reportgenerator.exporter.html.show_controllers_only' not found, using default value 'false' instead.
2025-08-22 18:42:50,470 INFO o.a.j.e.StandardJMeterEngine: Running the test!
2025-08-22 18:42:50,471 INFO o.a.j.s.SampleEvent: List of sample_variables: []
2025-08-22 18:42:50,473 INFO o.a.j.s.SampleEvent: List of sample_variables: []
2025-08-22 18:42:50,486 INFO o.a.j.e.u.CompoundVariable: Note: Function class names must contain the string: '.functions.'
2025-08-22 18:42:50,486 INFO o.a.j.e.u.CompoundVariable: Note: Function class names must not contain the string: '.gui.'
2025-08-22 18:42:50,731 INFO o.a.j.JMeter: Running test (1755888170731)
2025-08-22 18:42:50,769 INFO o.a.j.e.StandardJMeterEngine: Starting ThreadGroup: 1 : Light_Load
2025-08-22 18:42:50,770 INFO o.a.j.e.StandardJMeterEngine: Starting 1 threads for group Light_Load.
2025-08-22 18:42:50,770 INFO o.a.j.e.StandardJMeterEngine: Thread will continue on error
2025-08-22 18:42:50,770 INFO o.a.j.t.ThreadGroup: Starting thread group... number=1 threads=1 ramp-up=1 delayedStart=false
2025-08-22 18:42:50,783 INFO o.a.j.t.ThreadGroup: Started thread group number 1
2025-08-22 18:42:50,783 INFO o.a.j.e.StandardJMeterEngine: Starting ThreadGroup: 2 : Medium
2025-08-22 18:42:50,783 INFO o.a.j.e.StandardJMeterEngine: Starting 1 threads for group Medium.
2025-08-22 18:42:50,783 INFO o.a.j.e.StandardJMeterEngine: Thread will continue on error
2025-08-22 18:42:50,783 INFO o.a.j.t.ThreadGroup: Starting thread group... number=2 threads=1 ramp-up=1 delayedStart=false
2025-08-22 18:42:50,785 INFO o.a.j.t.ThreadGroup: Started thread group number 2
2025-08-22 18:42:50,785 INFO o.a.j.e.StandardJMeterEngine: All thread groups have been started
2025-08-22 18:42:50,790 INFO o.a.j.t.JMeterThread: Thread started: Medium 2-1
2025-08-22 18:42:50,796 INFO o.a.j.t.JMeterThread: Thread is done: Medium 2-1
2025-08-22 18:42:50,796 INFO o.a.j.t.JMeterThread: Thread finished: Medium 2-1
2025-08-22 18:42:50,913 INFO o.a.j.t.JMeterThread: Thread started: Light_Load 1-1
2025-08-22 18:42:50,914 INFO o.a.j.s.FileServer: Stored: C:/Users/USER/Desktop/CODE/JAVA/GTP LABS/QA/SwagLabs_Performance/testdata.csv
2025-08-22 18:42:53,557 INFO o.a.j.p.h.s.HTTPHCAbstractImpl: Local host = JEFFERY-LENOVO
2025-08-22 18:42:53,574 INFO o.a.j.p.h.s.HTTPHC4Impl: HTTP request retry count = 0
2025-08-22 18:42:53,578 INFO o.a.j.s.SampleResult: Note: Sample TimeStamps are START times
2025-08-22 18:42:53,579 INFO o.a.j.s.SampleResult: sampleresult.default.encoding is set to UTF-8
2025-08-22 18:42:53,579 INFO o.a.j.s.SampleResult: sampleresult.useNanoTime=true
2025-08-22 18:42:53,579 INFO o.a.j.s.SampleResult: sampleresult.nanoThreadSleep=5000
2025-08-22 18:42:53,854 INFO o.a.j.p.h.s.h.LazyLayeredConnectionSocketFactory: Setting up HTTPS TrustAll Socket Factory
2025-08-22 18:42:53,871 INFO o.a.j.u.JsseSSLManager: Using default SSL protocol: TLS
2025-08-22 18:42:53,871 INFO o.a.j.u.JsseSSLManager: SSL session context: per-thread
2025-08-22 18:42:54,185 INFO o.a.j.u.SSLManager: JmeterKeyStore Location:  type JKS
2025-08-22 18:42:54,196 INFO o.a.j.u.SSLManager: KeyStore created OK
2025-08-22 18:42:54,196 WARN o.a.j.u.SSLManager: Keystore file not found, loading empty keystore
2025-08-22 18:43:03,728 INFO o.a.j.r.Summariser: Generate Summary Results +      4 in 00:00:13 =    0.3/s Avg:   588 Min:   258 Max:  1578 Err:     1 (25.00%) Active: 1 Started: 2 Finished: 1
2025-08-22 18:43:03,729 INFO o.a.j.r.Summariser: summary +      4 in 00:00:13 =    0.3/s Avg:   588 Min:   258 Max:  1578 Err:     1 (25.00%) Active: 1 Started: 2 Finished: 1
2025-08-22 18:43:32,246 INFO o.a.j.r.Summariser: Generate Summary Results +     11 in 00:00:29 =    0.4/s Avg:   194 Min:   154 Max:   266 Err:     1 (9.09%) Active: 1 Started: 2 Finished: 1
2025-08-22 18:43:32,248 INFO o.a.j.r.Summariser: Generate Summary Results =     15 in 00:00:42 =    0.4/s Avg:   299 Min:   154 Max:  1578 Err:     2 (13.33%)
2025-08-22 18:43:32,249 INFO o.a.j.r.Summariser: summary +     11 in 00:00:29 =    0.4/s Avg:   194 Min:   154 Max:   266 Err:     1 (9.09%) Active: 1 Started: 2 Finished: 1
2025-08-22 18:43:32,251 INFO o.a.j.r.Summariser: summary =     15 in 00:00:42 =    0.4/s Avg:   299 Min:   154 Max:  1578 Err:     2 (13.33%)
2025-08-22 18:43:32,252 INFO o.a.j.t.JMeterThread: Thread is done: Light_Load 1-1
2025-08-22 18:43:32,252 INFO o.a.j.t.JMeterThread: Thread finished: Light_Load 1-1
2025-08-22 18:43:32,258 INFO o.a.j.e.StandardJMeterEngine: Notifying test listeners of end of test
2025-08-22 18:43:32,258 INFO o.a.j.s.FileServer: Close: C:/Users/USER/Desktop/CODE/JAVA/GTP LABS/QA/SwagLabs_Performance/testdata.csv
2025-08-22 18:43:32,263 INFO o.a.j.r.Summariser: summary =     15 in 00:00:42 =    0.4/s Avg:   299 Min:   154 Max:  1578 Err:     2 (13.33%)
2025-08-22 18:43:32,263 INFO o.a.j.r.Summariser: Generate Summary Results =     15 in 00:00:42 =    0.4/s Avg:   299 Min:   154 Max:  1578 Err:     2 (13.33%)
2025-08-22 18:43:32,265 INFO o.a.j.JMeter: Generating Dashboard
2025-08-22 18:43:32,266 INFO o.a.j.r.d.ReportGenerator: Flushing result collector before report Generation
2025-08-22 18:43:32,296 INFO o.a.j.r.p.NormalizerSampleConsumer: Using format, 'ms', to parse timeStamp field
2025-08-22 18:43:32,491 INFO o.a.j.r.p.AbstractSampleConsumer: class org.apache.jmeter.report.processor.AggregateConsumer#stopProducing(): beginDate produced 0 samples
2025-08-22 18:43:32,491 INFO o.a.j.r.p.AbstractSampleConsumer: class org.apache.jmeter.report.processor.AggregateConsumer#stopProducing(): endDate produced 0 samples
2025-08-22 18:43:32,497 INFO o.a.j.r.p.AbstractSampleConsumer: class org.apache.jmeter.report.processor.ApdexSummaryConsumer#stopProducing(): apdexSummary produced 0 samples
2025-08-22 18:43:32,497 INFO o.a.j.r.p.AbstractSampleConsumer: class org.apache.jmeter.report.processor.RequestsSummaryConsumer#stopProducing(): requestsSummary produced 0 samples
2025-08-22 18:43:32,516 INFO o.a.j.r.p.AbstractSampleConsumer: class org.apache.jmeter.report.processor.StatisticsSummaryConsumer#stopProducing(): statisticsSummary produced 0 samples
2025-08-22 18:43:32,522 INFO o.a.j.r.p.AbstractSampleConsumer: class org.apache.jmeter.report.processor.Top5ErrorsBySamplerConsumer#stopProducing(): top5ErrorsBySampler produced 0 samples
2025-08-22 18:43:32,522 INFO o.a.j.r.p.AbstractSampleConsumer: class org.apache.jmeter.report.processor.ErrorsSummaryConsumer#stopProducing(): errorsSummary produced 0 samples
2025-08-22 18:43:32,522 INFO o.a.j.r.p.AbstractSampleConsumer: class org.apache.jmeter.report.processor.graph.impl.HitsPerSecondGraphConsumer#stopProducing(): hitsPerSecond produced 0 samples
2025-08-22 18:43:32,550 INFO o.a.j.r.p.AbstractSampleConsumer: class org.apache.jmeter.report.processor.graph.impl.LatencyVSRequestGraphConsumer#stopProducing(): latencyVsRequest produced 0 samples
2025-08-22 18:43:32,551 INFO o.a.j.r.p.AbstractSampleConsumer: class org.apache.jmeter.report.processor.graph.impl.SyntheticResponseTimeDistributionGraphConsumer#stopProducing(): syntheticResponseTimeDistribution produced 0 samples
2025-08-22 18:43:32,552 INFO o.a.j.r.p.AbstractSampleConsumer: class org.apache.jmeter.report.processor.graph.impl.BytesThroughputGraphConsumer#stopProducing(): bytesThroughputOverTime produced 0 samples
2025-08-22 18:43:32,552 INFO o.a.j.r.p.AbstractSampleConsumer: class org.apache.jmeter.report.processor.graph.impl.CodesPerSecondGraphConsumer#stopProducing(): codesPerSecond produced 0 samples
2025-08-22 18:43:32,559 INFO o.a.j.r.p.AbstractSampleConsumer: class org.apache.jmeter.report.processor.graph.impl.ResponseTimeVSRequestGraphConsumer#stopProducing(): responseTimeVsRequest produced 0 samples
2025-08-22 18:43:32,560 INFO o.a.j.r.p.AbstractSampleConsumer: class org.apache.jmeter.report.processor.FilterConsumer#stopProducing(): startIntervalControlerFilter produced 105 samples
2025-08-22 18:43:32,560 INFO o.a.j.r.p.AbstractSampleConsumer: class org.apache.jmeter.report.processor.graph.impl.TotalTPSGraphConsumer#stopProducing(): totalTPS produced 0 samples
2025-08-22 18:43:32,561 INFO o.a.j.r.p.AbstractSampleConsumer: class org.apache.jmeter.report.processor.graph.impl.ActiveThreadsGraphConsumer#stopProducing(): activeThreadsOverTime produced 0 samples
2025-08-22 18:43:32,561 INFO o.a.j.r.p.AbstractSampleConsumer: class org.apache.jmeter.report.processor.graph.impl.TimeVSThreadGraphConsumer#stopProducing(): timeVsThreads produced 0 samples
2025-08-22 18:43:32,562 INFO o.a.j.r.p.AbstractSampleConsumer: class org.apache.jmeter.report.processor.graph.impl.ResponseTimeDistributionGraphConsumer#stopProducing(): responseTimeDistribution produced 0 samples
2025-08-22 18:43:32,563 INFO o.a.j.r.p.AbstractSampleConsumer: class org.apache.jmeter.report.processor.graph.impl.TransactionsPerSecondGraphConsumer#stopProducing(): transactionsPerSecond produced 0 samples
2025-08-22 18:43:32,563 INFO o.a.j.r.p.AbstractSampleConsumer: class org.apache.jmeter.report.processor.graph.impl.ResponseTimePercentilesGraphConsumer#stopProducing(): responseTimePercentiles produced 0 samples
2025-08-22 18:43:32,573 INFO o.a.j.r.p.AbstractSampleConsumer: class org.apache.jmeter.report.processor.graph.impl.ResponseTimePercentilesOverTimeGraphConsumer#stopProducing(): responseTimePercentilesOverTime produced 0 samples
2025-08-22 18:43:32,573 INFO o.a.j.r.p.AbstractSampleConsumer: class org.apache.jmeter.report.processor.graph.impl.ResponseTimeOverTimeGraphConsumer#stopProducing(): responseTimesOverTime produced 0 samples
2025-08-22 18:43:32,575 INFO o.a.j.r.p.AbstractSampleConsumer: class org.apache.jmeter.report.processor.graph.impl.ConnectTimeOverTimeGraphConsumer#stopProducing(): connectTimeOverTime produced 0 samples
2025-08-22 18:43:32,576 INFO o.a.j.r.p.AbstractSampleConsumer: class org.apache.jmeter.report.processor.graph.impl.LatencyOverTimeGraphConsumer#stopProducing(): latenciesOverTime produced 0 samples
2025-08-22 18:43:32,577 INFO o.a.j.r.p.AbstractSampleConsumer: class org.apache.jmeter.report.processor.FilterConsumer#stopProducing(): nameFilter produced 225 samples
2025-08-22 18:43:32,577 INFO o.a.j.r.p.AbstractSampleConsumer: class org.apache.jmeter.report.processor.FilterConsumer#stopProducing(): dateRangeFilter produced 45 samples
2025-08-22 18:43:32,577 INFO o.a.j.r.p.AbstractSampleConsumer: class org.apache.jmeter.report.processor.NormalizerSampleConsumer#stopProducing(): normalizer produced 15 samples
2025-08-22 18:43:32,579 INFO o.a.j.r.p.CsvFileSampleSource: produce(): 15 samples produced in 210ms on channel 0
2025-08-22 18:43:32,579 INFO o.a.j.r.d.ReportGenerator: Exporting data using exporter:'json' of className:'org.apache.jmeter.report.dashboard.JsonExporter'
2025-08-22 18:43:32,831 INFO o.a.j.r.d.JsonExporter: Found data for consumer statisticsSummary in context
2025-08-22 18:43:32,832 INFO o.a.j.r.d.JsonExporter: Creating statistics for overall
2025-08-22 18:43:32,833 INFO o.a.j.r.d.JsonExporter: Creating statistics for other transactions
2025-08-22 18:43:32,833 INFO o.a.j.r.d.JsonExporter: Checking output folder
2025-08-22 18:43:32,836 INFO o.a.j.r.d.JsonExporter: Writing statistics JSON to C:\Users\USER\Desktop\CODE\JAVA\GTP LABS\QA\SwagLabs_Performance\dashboard\statistics.json
2025-08-22 18:43:32,951 INFO o.a.j.r.d.ReportGenerator: Exporting data using exporter:'html' of className:'org.apache.jmeter.report.dashboard.HtmlTemplateExporter'
2025-08-22 18:43:32,958 INFO o.a.j.r.d.HtmlTemplateExporter: Will generate dashboard in folder: C:\Users\USER\Desktop\CODE\JAVA\GTP LABS\QA\SwagLabs_Performance\dashboard
2025-08-22 18:43:33,514 INFO o.a.j.r.d.HtmlTemplateExporter: Report will be generated in: C:\Users\USER\Desktop\CODE\JAVA\GTP LABS\QA\SwagLabs_Performance\dashboard, creating folder structure
2025-08-22 18:43:33,525 INFO o.a.j.r.d.TemplateVisitor: Copying folder from 'C:\apache-jmeter-5.6.3\bin\report-template' to 'C:\Users\USER\Desktop\CODE\JAVA\GTP LABS\QA\SwagLabs_Performance\dashboard', got message: C:\Users\USER\Desktop\CODE\JAVA\GTP LABS\QA\SwagLabs_Performance\dashboard, found non empty folder with following content [C:\Users\USER\Desktop\CODE\JAVA\GTP LABS\QA\SwagLabs_Performance\dashboard\statistics.json], will be ignored
2025-08-22 18:43:34,920 INFO o.a.j.JMeter: Dashboard generated
